h:\graphics\graphics\nclgl\release\nclgl.pdb
h:\graphics\graphics\nclgl\release\window.obj
h:\graphics\graphics\nclgl\release\shader.obj
h:\graphics\graphics\nclgl\release\scenenode.obj
h:\graphics\graphics\nclgl\release\quaternion.obj
h:\graphics\graphics\nclgl\release\plane.obj
h:\graphics\graphics\nclgl\release\oglrenderer.obj
h:\graphics\graphics\nclgl\release\objmesh.obj
h:\graphics\graphics\nclgl\release\mouse.obj
h:\graphics\graphics\nclgl\release\mesh.obj
h:\graphics\graphics\nclgl\release\md5node.obj
h:\graphics\graphics\nclgl\release\md5mesh.obj
h:\graphics\graphics\nclgl\release\md5filedata.obj
h:\graphics\graphics\nclgl\release\md5anim.obj
h:\graphics\graphics\nclgl\release\matrix4.obj
h:\graphics\graphics\nclgl\release\light.obj
h:\graphics\graphics\nclgl\release\keyboard.obj
h:\graphics\graphics\nclgl\release\heightmap.obj
h:\graphics\graphics\nclgl\release\gametimer.obj
h:\graphics\graphics\nclgl\release\frustum.obj
h:\graphics\graphics\nclgl\release\camera.obj
h:\graphics\graphics\graphics for games\release\nclgl.lib
h:\graphics\graphics\nclgl\release\nclgl.tlog\cl.command.1.tlog
h:\graphics\graphics\nclgl\release\nclgl.tlog\cl.read.1.tlog
h:\graphics\graphics\nclgl\release\nclgl.tlog\cl.write.1.tlog
h:\graphics\graphics\nclgl\release\nclgl.tlog\lib-link.read.1.tlog
h:\graphics\graphics\nclgl\release\nclgl.tlog\lib-link.write.1.tlog
h:\graphics\graphics\nclgl\release\nclgl.tlog\lib.command.1.tlog
